---- 2025-04-30 19:45:04 ----
GET params: Array
(
    [nomor] => A-2526/0163
)

Detected nomor: A-2526/0163
Redirecting to: http://localhost/ppdb_manu/index.php/ppdb/pendaftaran_sukses/A-2526/0163
---- 2025-04-30 19:45:30 ----
GET params: Array
(
    [nomor] => A-2526/0163
)

Detected nomor: A-2526/0163
Redirecting to: http://localhost/ppdb_manu/index.php/ppdb/pendaftaran_sukses/A-2526/0163
---- 2025-04-30 20:27:28 ----
GET params: Array
(
    [nomor] => A-2526/0163
)

Detected nomor: A-2526/0163
Redirecting to: http://localhost/ppdb_manu/index.php/ppdb/pendaftaran_sukses/A-2526/0163
