---- 2025-05-03 11:57:39 ----
GET params: Array
(
    [nomor] => A-2526/0158
)

Detected nomor: A-2526/0158
Redirecting to: https://ppdb.manubanyuputih.id/index.php/ppdb/pendaftaran_sukses/A-2526/0158
---- 2025-05-03 13:37:29 ----
GET params: Array
(
    [nomor] => A-2526/0159
)

Detected nomor: A-2526/0159
Redirecting to: https://ppdb.manubanyuputih.id/index.php/ppdb/pendaftaran_sukses/A-2526/0159
---- 2025-05-03 15:37:18 ----
GET params: Array
(
    [nomor] => A-2526/0160
)

Detected nomor: A-2526/0160
Redirecting to: https://ppdb.manubanyuputih.id/index.php/ppdb/pendaftaran_sukses/A-2526/0160
